<?xml version="1.0" encoding="UTF-8"?>
<testng-results ignored="0" total="1" passed="1" failed="0" skipped="0">
  <reporter-output>
  </reporter-output>
  <suite started-at="2025-07-03T18:22:08 IST" name="Suite" finished-at="2025-07-03T18:22:13 IST" duration-ms="5196">
    <groups>
    </groups>
    <test started-at="2025-07-03T18:22:08 IST" name="Test" finished-at="2025-07-03T18:22:13 IST" duration-ms="5196">
      <class name="com_TestCases.tc_04_bookhotel">
        <test-method is-config="true" signature="openapplication(java.lang.String,java.lang.String)[pri:0, instance:com_TestCases.tc_04_bookhotel@6c40365c]" started-at="2025-07-03T18:22:02 IST" name="openapplication" finished-at="2025-07-03T18:22:08 IST" duration-ms="6036" status="PASS">
          <params>
            <param index="0">
              <value>
                <![CDATA[Chrome]]>
              </value>
            </param>
            <param index="1">
              <value>
                <![CDATA[https://adactinhotelapp.com/]]>
              </value>
            </param>
          </params>
          <reporter-output>
          </reporter-output>
        </test-method> <!-- openapplication -->
        <test-method signature="sel()[pri:0, instance:com_TestCases.tc_04_bookhotel@6c40365c]" started-at="2025-07-03T18:22:08 IST" name="sel" finished-at="2025-07-03T18:22:13 IST" duration-ms="4613" status="PASS">
          <reporter-output>
          </reporter-output>
        </test-method> <!-- sel -->
        <test-method is-config="true" signature="closeapp()[pri:0, instance:com_TestCases.tc_04_bookhotel@6c40365c]" started-at="2025-07-03T18:22:13 IST" name="closeapp" finished-at="2025-07-03T18:22:14 IST" duration-ms="237" status="PASS">
          <reporter-output>
          </reporter-output>
        </test-method> <!-- closeapp -->
      </class> <!-- com_TestCases.tc_04_bookhotel -->
    </test> <!-- Test -->
  </suite> <!-- Suite -->
</testng-results>
